<?xml version="1.0" encoding="UTF-8"?>
<testng-results skipped="0" failed="0" ignored="0" total="2" passed="2">
  <reporter-output>
  </reporter-output>
  <suite name="Opencart Test Suite" duration-ms="36056" started-at="2021-07-30T15:42:27 IST" finished-at="2021-07-30T15:43:03 IST">
    <groups>
      <group name="regression">
        <method signature="TC_001_AccountRegistration.test_account_registration()[pri:0, instance:testCases.TC_001_AccountRegistration@23d2a7e8]" name="test_account_registration" class="testCases.TC_001_AccountRegistration"/>
      </group> <!-- regression -->
      <group name="sanity">
        <method signature="TC_002_Login.test_Login()[pri:0, instance:testCases.TC_002_Login@7a9273a8]" name="test_Login" class="testCases.TC_002_Login"/>
      </group> <!-- sanity -->
      <group name="master">
        <method signature="TC_001_AccountRegistration.test_account_registration()[pri:0, instance:testCases.TC_001_AccountRegistration@23d2a7e8]" name="test_account_registration" class="testCases.TC_001_AccountRegistration"/>
        <method signature="TC_002_Login.test_Login()[pri:0, instance:testCases.TC_002_Login@7a9273a8]" name="test_Login" class="testCases.TC_002_Login"/>
      </group> <!-- master -->
    </groups>
    <test name="Opencart Tests" duration-ms="36056" started-at="2021-07-30T15:42:27 IST" finished-at="2021-07-30T15:43:03 IST">
      <class name="testCases.TC_002_Login">
        <test-method status="PASS" signature="setup(java.lang.String)[pri:0, instance:testCases.TC_002_Login@7a9273a8]" name="setup" is-config="true" duration-ms="4294" started-at="2021-07-30T15:42:48 IST" finished-at="2021-07-30T15:42:52 IST">
          <params>
            <param index="0">
              <value>
                <![CDATA[chrome]]>
              </value>
            </param>
          </params>
          <reporter-output>
          </reporter-output>
        </test-method> <!-- setup -->
        <test-method status="PASS" signature="test_Login()[pri:0, instance:testCases.TC_002_Login@7a9273a8]" name="test_Login" duration-ms="10452" started-at="2021-07-30T15:42:52 IST" finished-at="2021-07-30T15:43:03 IST">
          <reporter-output>
          </reporter-output>
        </test-method> <!-- test_Login -->
        <test-method status="PASS" signature="tearDown()[pri:0, instance:testCases.TC_002_Login@7a9273a8]" name="tearDown" is-config="true" duration-ms="344" started-at="2021-07-30T15:43:03 IST" finished-at="2021-07-30T15:43:03 IST">
          <reporter-output>
          </reporter-output>
        </test-method> <!-- tearDown -->
      </class> <!-- testCases.TC_002_Login -->
      <class name="testCases.TC_001_AccountRegistration">
        <test-method status="PASS" signature="setup(java.lang.String)[pri:0, instance:testCases.TC_001_AccountRegistration@23d2a7e8]" name="setup" is-config="true" duration-ms="10300" started-at="2021-07-30T15:42:27 IST" finished-at="2021-07-30T15:42:37 IST">
          <params>
            <param index="0">
              <value>
                <![CDATA[chrome]]>
              </value>
            </param>
          </params>
          <reporter-output>
          </reporter-output>
        </test-method> <!-- setup -->
        <test-method status="PASS" signature="test_account_registration()[pri:0, instance:testCases.TC_001_AccountRegistration@23d2a7e8]" name="test_account_registration" duration-ms="10379" started-at="2021-07-30T15:42:37 IST" finished-at="2021-07-30T15:42:48 IST">
          <reporter-output>
          </reporter-output>
        </test-method> <!-- test_account_registration -->
        <test-method status="PASS" signature="tearDown()[pri:0, instance:testCases.TC_001_AccountRegistration@23d2a7e8]" name="tearDown" is-config="true" duration-ms="191" started-at="2021-07-30T15:42:48 IST" finished-at="2021-07-30T15:42:48 IST">
          <reporter-output>
          </reporter-output>
        </test-method> <!-- tearDown -->
      </class> <!-- testCases.TC_001_AccountRegistration -->
    </test> <!-- Opencart Tests -->
  </suite> <!-- Opencart Test Suite -->
</testng-results>
